Flow report for CalculatorProject
Tue Jun 14 12:22:09 2022
Quartus II Version 9.0 Build 132 02/25/2009 SJ Web Edition


---------------------
; Table of Contents ;
---------------------
  1. Legal Notice
  2. Flow Summary
  3. Flow Settings
  4. Flow Non-Default Global Settings
  5. Flow Elapsed Time
  6. Flow OS Summary
  7. Flow Log



----------------
; Legal Notice ;
----------------
Copyright (C) 1991-2009 Altera Corporation
Your use of Altera Corporation's design tools, logic functions 
and other software and tools, and its AMPP partner logic 
functions, and any output files from any of the foregoing 
(including device programming or simulation files), and any 
associated documentation or information are expressly subject 
to the terms and conditions of the Altera Program License 
Subscription Agreement, Altera MegaCore Function License 
Agreement, or other applicable license agreement, including, 
without limitation, that your use is for the sole purpose of 
programming logic devices manufactured by Altera and sold by 
Altera or its authorized distributors.  Please refer to the 
applicable agreement for further details.



+-------------------------------------------------------------------+
; Flow Summary                                                      ;
+-------------------------+-----------------------------------------+
; Flow Status             ; Successful - Tue Jun 14 12:22:09 2022   ;
; Quartus II Version      ; 9.0 Build 132 02/25/2009 SJ Web Edition ;
; Revision Name           ; CalculatorProject                       ;
; Top-level Entity Name   ; Main                                    ;
; Family                  ; FLEX10K                                 ;
; Device                  ; EPF10K70RC240-4                         ;
; Timing Models           ; Final                                   ;
; Met timing requirements ; Yes                                     ;
; Total logic elements    ; 1,310 / 3,744 ( 35 % )                  ;
; Total pins              ; 25 / 189 ( 13 % )                       ;
; Total memory bits       ; 0 / 18,432 ( 0 % )                      ;
+-------------------------+-----------------------------------------+


+-----------------------------------------+
; Flow Settings                           ;
+-------------------+---------------------+
; Option            ; Setting             ;
+-------------------+---------------------+
; Start date & time ; 06/14/2022 12:21:41 ;
; Main task         ; Compilation         ;
; Revision Name     ; CalculatorProject   ;
+-------------------+---------------------+


+------------------------------------------------------------------------------------------------------------------------------------------------------+
; Flow Non-Default Global Settings                                                                                                                     ;
+------------------------------------+--------------------------------------------------------------+-------------------+-------------+----------------+
; Assignment Name                    ; Value                                                        ; Default Value     ; Entity Name ; Section Id     ;
+------------------------------------+--------------------------------------------------------------+-------------------+-------------+----------------+
; COMPILER_SIGNATURE_ID              ; 88491854165844.165520210124908                               ; --                ; --          ; --             ;
; MAX_CORE_JUNCTION_TEMP             ; 85                                                           ; --                ; --          ; --             ;
; MIN_CORE_JUNCTION_TEMP             ; 0                                                            ; --                ; --          ; --             ;
; MISC_FILE                          ; C:/altera/90/quartus/CalculatorProject/CalculatorProject.dpf ; --                ; --          ; --             ;
; TOP_LEVEL_ENTITY                   ; Main                                                         ; CalculatorProject ; --          ; --             ;
; USE_GENERATED_PHYSICAL_CONSTRAINTS ; Off                                                          ; --                ; --          ; eda_blast_fpga ;
+------------------------------------+--------------------------------------------------------------+-------------------+-------------+----------------+


+-----------------------------------------------------------------------------------------------------------------------------+
; Flow Elapsed Time                                                                                                           ;
+-------------------------+--------------+-------------------------+---------------------+------------------------------------+
; Module Name             ; Elapsed Time ; Average Processors Used ; Peak Virtual Memory ; Total CPU Time (on all processors) ;
+-------------------------+--------------+-------------------------+---------------------+------------------------------------+
; Analysis & Synthesis    ; 00:00:07     ; 1.0                     ; 290 MB              ; 00:00:08                           ;
; Fitter                  ; 00:00:16     ; 1.0                     ; 233 MB              ; 00:00:16                           ;
; Assembler               ; 00:00:01     ; 1.0                     ; 214 MB              ; 00:00:01                           ;
; Classic Timing Analyzer ; 00:00:01     ; 1.0                     ; 181 MB              ; 00:00:01                           ;
; Total                   ; 00:00:25     ; --                      ; --                  ; 00:00:26                           ;
+-------------------------+--------------+-------------------------+---------------------+------------------------------------+


+------------------------------------------------------------------------------------------+
; Flow OS Summary                                                                          ;
+-------------------------+------------------+---------------+------------+----------------+
; Module Name             ; Machine Hostname ; OS Name       ; OS Version ; Processor type ;
+-------------------------+------------------+---------------+------------+----------------+
; Analysis & Synthesis    ; DESKTOP-AASDMDC  ; Windows Vista ; 6.2        ; x86_64         ;
; Fitter                  ; DESKTOP-AASDMDC  ; Windows Vista ; 6.2        ; x86_64         ;
; Assembler               ; DESKTOP-AASDMDC  ; Windows Vista ; 6.2        ; x86_64         ;
; Classic Timing Analyzer ; DESKTOP-AASDMDC  ; Windows Vista ; 6.2        ; x86_64         ;
+-------------------------+------------------+---------------+------------+----------------+


------------
; Flow Log ;
------------
quartus_map --read_settings_files=on --write_settings_files=off CalculatorProject -c CalculatorProject
quartus_fit --read_settings_files=off --write_settings_files=off CalculatorProject -c CalculatorProject
quartus_asm --read_settings_files=off --write_settings_files=off CalculatorProject -c CalculatorProject
quartus_tan --read_settings_files=off --write_settings_files=off CalculatorProject -c CalculatorProject



